<?xml version="1.0" encoding="UTF-8"?>
<testng-results ignored="0" total="1" passed="1" failed="0" skipped="0">
  <reporter-output>
  </reporter-output>
  <suite started-at="2024-07-19T13:49:39 EDT" name="Default suite" finished-at="2024-07-19T13:49:40 EDT" duration-ms="1741">
    <groups>
    </groups>
    <test started-at="2024-07-19T13:49:39 EDT" name="Default test" finished-at="2024-07-19T13:49:40 EDT" duration-ms="1741">
      <class name="day2.DiffWaysToCreatePostRequestBody">
        <test-method signature="testPostUsingTxternalJsonFile()[pri:1, instance:day2.DiffWaysToCreatePostRequestBody@17497425]" started-at="2024-07-19T13:49:39 EDT" name="testPostUsingTxternalJsonFile" finished-at="2024-07-19T13:49:40 EDT" duration-ms="1702" status="PASS">
          <reporter-output>
          </reporter-output>
        </test-method> <!-- testPostUsingTxternalJsonFile -->
      </class> <!-- day2.DiffWaysToCreatePostRequestBody -->
    </test> <!-- Default test -->
  </suite> <!-- Default suite -->
</testng-results>
